2024-05-29 14:23:51,165 [INFO] Activator:176 - 


2024-05-29 14:23:51,167 [INFO] Activator:177 - !SESSION log4j initialized
2024-05-29 14:23:54,423 [INFO] LogOutputStream:77 - [STDOUT_REDIRECT] 
2024-05-29 14:23:56,466 [INFO] ApplicationProperties:184 - Using Application install path: C:\ST\STM32CubeIDE_1.13.0\STM32CubeIDE\plugins\com.st.stm32cube.common.mx_6.9.1.202307191849
2024-05-29 14:23:56,485 [INFO] DbMcusXml:78 - Set database path to: C:\ST\STM32CubeIDE_1.13.0\STM32CubeIDE\plugins\com.st.stm32cube.common.mx_6.9.1.202307191849\\db\/mcu/
2024-05-29 14:23:56,485 [INFO] ApiDb:274 - Set plugin database path to: C:\ST\STM32CubeIDE_1.13.0\STM32CubeIDE\plugins\com.st.stm32cube.common.mx_6.9.1.202307191849\\db\/plugins/boardmanager/
2024-05-29 14:23:56,485 [WARN] ApiDb:259 - Overriding images path with different value:  => C:\ST\STM32CubeIDE_1.13.0\STM32CubeIDE\plugins\com.st.stm32cube.common.mx_6.9.1.202307191849\\db\/plugins/mcufinder/images/
2024-05-29 14:23:56,501 [INFO] ApiDb:250 - Set database path to: C:\Users\USER\.stmcufinder\plugins\mcufinder//mcu/
2024-05-29 14:23:56,502 [INFO] DbMcusAds:125 - Set database path to: C:\Users\USER\.stmcufinder\plugins\mcufinder//mcu/
2024-05-29 14:23:56,504 [INFO] CrossReferenceDbSqlite:203 - Set database path to: C:\Users\USER\.stmcufinder\plugins\mcufinder//mcu/cs/
2024-05-29 14:23:56,606 [INFO] RulesReader:64 - Compatibility file has been processed (293 Rules)
2024-05-29 14:23:56,704 [INFO] DbMcusXml:78 - Set database path to: C:\ST\STM32CubeIDE_1.13.0\STM32CubeIDE\plugins\com.st.stm32cube.common.mx_6.9.1.202307191849\\db\/mcu/
2024-05-29 14:23:56,704 [INFO] ApiDb:274 - Set plugin database path to: C:\ST\STM32CubeIDE_1.13.0\STM32CubeIDE\plugins\com.st.stm32cube.common.mx_6.9.1.202307191849\\db\/plugins/boardmanager/
2024-05-29 14:23:56,704 [INFO] ApiDb:261 - Set plugin images path to: C:\ST\STM32CubeIDE_1.13.0\STM32CubeIDE\plugins\com.st.stm32cube.common.mx_6.9.1.202307191849\\db\/plugins/mcufinder/images/
2024-05-29 14:23:56,705 [WARN] DbFile:41 - Overriding database path with different value: C:\Users\USER\.stmcufinder\plugins\mcufinder/ => C:\Users\USER\.stmcufinder\plugins\mcufinder
2024-05-29 14:23:56,705 [INFO] ApiDb:250 - Set database path to: C:\Users\USER\.stmcufinder\plugins\mcufinder//mcu/
2024-05-29 14:23:56,705 [WARN] DbFile:41 - Overriding database path with different value: C:\Users\USER\.stmcufinder\plugins\mcufinder/ => C:\Users\USER\.stmcufinder\plugins\mcufinder
2024-05-29 14:23:56,705 [INFO] DbMcusAds:125 - Set database path to: C:\Users\USER\.stmcufinder\plugins\mcufinder//mcu/
2024-05-29 14:23:56,705 [WARN] DbFile:41 - Overriding database path with different value: C:\Users\USER\.stmcufinder\plugins\mcufinder/ => C:\Users\USER\.stmcufinder\plugins\mcufinder
2024-05-29 14:23:56,705 [WARN] DbFile:41 - Overriding database path with different value: C:\Users\USER\.stmcufinder\plugins\mcufinder/ => C:\Users\USER\.stmcufinder\plugins\mcufinder
2024-05-29 14:23:56,705 [INFO] CrossReferenceDbSqlite:203 - Set database path to: C:\Users\USER\.stmcufinder\plugins\mcufinder//mcu/cs/
2024-05-29 14:23:56,797 [INFO] MainPanel:262 - HeapMemory: 268435456
2024-05-29 14:23:56,875 [INFO] DbMcusXml:78 - Set database path to: C:\ST\STM32CubeIDE_1.13.0\STM32CubeIDE\plugins\com.st.stm32cube.common.mx_6.9.1.202307191849\\db\/mcu/
2024-05-29 14:23:56,875 [INFO] ApiDb:274 - Set plugin database path to: C:\ST\STM32CubeIDE_1.13.0\STM32CubeIDE\plugins\com.st.stm32cube.common.mx_6.9.1.202307191849\\db\/plugins/boardmanager/
2024-05-29 14:23:56,875 [INFO] ApiDb:261 - Set plugin images path to: C:\ST\STM32CubeIDE_1.13.0\STM32CubeIDE\plugins\com.st.stm32cube.common.mx_6.9.1.202307191849\\db\/plugins/mcufinder/images/
2024-05-29 14:23:56,875 [WARN] DbFile:41 - Overriding database path with different value: C:\Users\USER\.stmcufinder\plugins\mcufinder/ => C:\Users\USER\.stmcufinder\plugins\mcufinder
2024-05-29 14:23:56,876 [INFO] ApiDb:250 - Set database path to: C:\Users\USER\.stmcufinder\plugins\mcufinder//mcu/
2024-05-29 14:23:56,876 [WARN] DbFile:41 - Overriding database path with different value: C:\Users\USER\.stmcufinder\plugins\mcufinder/ => C:\Users\USER\.stmcufinder\plugins\mcufinder
2024-05-29 14:23:56,876 [INFO] DbMcusAds:125 - Set database path to: C:\Users\USER\.stmcufinder\plugins\mcufinder//mcu/
2024-05-29 14:23:56,876 [WARN] DbFile:41 - Overriding database path with different value: C:\Users\USER\.stmcufinder\plugins\mcufinder/ => C:\Users\USER\.stmcufinder\plugins\mcufinder
2024-05-29 14:23:56,876 [WARN] DbFile:41 - Overriding database path with different value: C:\Users\USER\.stmcufinder\plugins\mcufinder/ => C:\Users\USER\.stmcufinder\plugins\mcufinder
2024-05-29 14:23:56,876 [INFO] CrossReferenceDbSqlite:203 - Set database path to: C:\Users\USER\.stmcufinder\plugins\mcufinder//mcu/cs/
2024-05-29 14:23:56,893 [INFO] ApplicationProperties:184 - Using Application install path: C:\ST\STM32CubeIDE_1.13.0\STM32CubeIDE\plugins\com.st.stm32cube.common.mx_6.9.1.202307191849
2024-05-29 14:23:56,894 [INFO] PluginManage:196 - Search for loadable plugins [exclusion list=, ]
2024-05-29 14:23:56,896 [INFO] PluginManage:310 - Check plugin analytics
2024-05-29 14:23:57,068 [INFO] AnalyticsPlugin:253 - Accepted Software Licenses: STM32CubeMX.6.9.0
2024-05-29 14:23:57,068 [INFO] AnalyticsPlugin:255 - Accepted CMSIS Pack Licenses: STMicroelectronics.X-CUBE-TOUCHGFX.4.23.2
2024-05-29 14:23:57,069 [INFO] AnalyticsPlugin:257 - Accepted Firmware Licenses: 
2024-05-29 14:23:57,072 [INFO] PluginManage:359 - Loaded plugin analytics (category:tool,tabindex:-1)
2024-05-29 14:23:57,072 [INFO] PluginManage:310 - Check plugin cadmodel
2024-05-29 14:23:57,112 [INFO] CADModel:105 - Init CAD model plugin
2024-05-29 14:23:57,113 [INFO] PluginManage:359 - Loaded plugin cadmodel (category:power,tabindex:5)
2024-05-29 14:23:57,113 [INFO] PluginManage:310 - Check plugin clock
2024-05-29 14:23:57,123 [INFO] PluginManage:359 - Loaded plugin clock (category:base,tabindex:2)
2024-05-29 14:23:57,123 [INFO] PluginManage:310 - Check plugin ddr
2024-05-29 14:23:57,126 [INFO] PluginManage:359 - Loaded plugin ddr (category:tool,tabindex:6)
2024-05-29 14:23:57,126 [INFO] PluginManage:310 - Check plugin filemanager
2024-05-29 14:23:57,284 [INFO] PluginManage:359 - Loaded plugin filemanager (category:base,tabindex:10)
2024-05-29 14:23:57,285 [INFO] PluginManage:310 - Check plugin ipmanager
2024-05-29 14:23:57,296 [INFO] PluginManage:359 - Loaded plugin ipmanager (category:base,tabindex:5)
2024-05-29 14:23:57,296 [INFO] PluginManage:310 - Check plugin lpbam
2024-05-29 14:23:57,305 [INFO] PluginManage:359 - Loaded plugin lpbam (category:base,tabindex:0)
2024-05-29 14:23:57,305 [INFO] PluginManage:310 - Check plugin memorymap
2024-05-29 14:23:57,320 [INFO] PluginManage:359 - Loaded plugin memorymap (category:base,tabindex:4)
2024-05-29 14:23:57,321 [INFO] PluginManage:310 - Check plugin pinoutandconfiguration
2024-05-29 14:23:57,330 [INFO] PluginManage:359 - Loaded plugin pinoutandconfiguration (category:base,tabindex:1)
2024-05-29 14:23:57,330 [INFO] PluginManage:310 - Check plugin pinoutconfig
2024-05-29 14:23:57,432 [WARN] SupportedApi:132 - Cannot load RTOS API schema: s4s-elt-must-match.1: The content of 'definitions' must match (annotation?, (simpleType | complexType)?, (unique | key | keyref)*)). A problem was found starting at: attribute.
2024-05-29 14:23:57,611 [INFO] PluginManage:359 - Loaded plugin pinoutconfig (category:base,tabindex:0)
2024-05-29 14:23:57,612 [INFO] PluginManage:310 - Check plugin power
2024-05-29 14:23:57,624 [INFO] PluginManage:359 - Loaded plugin power (category:power,tabindex:4)
2024-05-29 14:23:57,624 [INFO] PluginManage:310 - Check plugin projectmanager
2024-05-29 14:23:57,639 [INFO] PluginManage:359 - Loaded plugin projectmanager (category:projectmanager,tabindex:3)
2024-05-29 14:23:57,639 [INFO] PluginManage:310 - Check plugin thirdparty
2024-05-29 14:23:57,776 [WARN] IntegrityCheckThread:84 - waiting for thirdparty lock release [integrity check]
2024-05-29 14:23:57,776 [INFO] PluginManage:359 - Loaded plugin thirdparty (category:base,tabindex:-1)
2024-05-29 14:23:57,776 [INFO] IntegrityCheckThread:86 - entering critical section [integrity check]
2024-05-29 14:23:57,777 [INFO] PluginManage:310 - Check plugin tools
2024-05-29 14:23:57,777 [INFO] ThirdPartyUpdaterWithRetryManager:70 - Updater plugin not ready yet. [1/15]
2024-05-29 14:23:57,781 [INFO] PluginManage:359 - Loaded plugin tools (category:base,tabindex:7)
2024-05-29 14:23:57,782 [INFO] PluginManage:310 - Check plugin tutovideos
2024-05-29 14:23:57,944 [INFO] PluginManage:359 - Loaded plugin tutovideos (category:base,tabindex:-1)
2024-05-29 14:23:57,944 [INFO] PluginManage:310 - Check plugin updater
2024-05-29 14:23:57,959 [INFO] PluginManage:359 - Loaded plugin updater (category:base,tabindex:12)
2024-05-29 14:23:57,959 [INFO] PluginManage:310 - Check plugin userauth
2024-05-29 14:23:57,966 [INFO] UserAuth:113 - Init User Auth plugin
2024-05-29 14:23:57,966 [INFO] PluginManage:359 - Loaded plugin userauth (category:base,tabindex:14)
2024-05-29 14:23:57,967 [INFO] PluginManage:283 - PluginManage : Loaded plugins [17]
2024-05-29 14:23:58,205 [INFO] PinOutPanel:1499 - setPackage(No Configuration,No Configuration)
2024-05-29 14:23:58,344 [INFO] CADModel:165 - CPN selected for project level
2024-05-29 14:23:58,344 [INFO] CADModel:114 - Register for checkConnection events
2024-05-29 14:23:58,373 [INFO] IPUIPlugin:80 - create IPUIPlugin
2024-05-29 14:23:58,373 [INFO] PluginManager:220 - loadIPPluginJar : add adc
2024-05-29 14:23:58,377 [INFO] IPUIPlugin:80 - create IPUIPlugin
2024-05-29 14:23:58,377 [INFO] PluginManager:220 - loadIPPluginJar : add aes
2024-05-29 14:23:58,383 [INFO] IPUIPlugin:80 - create IPUIPlugin
2024-05-29 14:23:58,383 [INFO] PluginManager:220 - loadIPPluginJar : add can
2024-05-29 14:23:58,385 [INFO] IPUIPlugin:80 - create IPUIPlugin
2024-05-29 14:23:58,386 [INFO] PluginManager:220 - loadIPPluginJar : add comp
2024-05-29 14:23:58,389 [INFO] IPUIPlugin:80 - create IPUIPlugin
2024-05-29 14:23:58,390 [INFO] PluginManager:220 - loadIPPluginJar : add cryp
2024-05-29 14:23:58,394 [INFO] IPUIPlugin:80 - create IPUIPlugin
2024-05-29 14:23:58,394 [INFO] PluginManager:220 - loadIPPluginJar : add dfsdm
2024-05-29 14:23:58,402 [INFO] IPUIPlugin:80 - create IPUIPlugin
2024-05-29 14:23:58,403 [INFO] PluginManager:220 - loadIPPluginJar : add dma
2024-05-29 14:23:58,408 [INFO] IPUIPlugin:80 - create IPUIPlugin
2024-05-29 14:23:58,408 [INFO] PluginManager:220 - loadIPPluginJar : add dma3
2024-05-29 14:23:58,411 [INFO] IPUIPlugin:80 - create IPUIPlugin
2024-05-29 14:23:58,411 [INFO] PluginManager:220 - loadIPPluginJar : add fatfs
2024-05-29 14:23:58,420 [INFO] IPUIPlugin:80 - create IPUIPlugin
2024-05-29 14:23:58,420 [INFO] PluginManager:220 - loadIPPluginJar : add fmc
2024-05-29 14:23:58,428 [INFO] IPUIPlugin:80 - create IPUIPlugin
2024-05-29 14:23:58,428 [INFO] PluginManager:220 - loadIPPluginJar : add freertos
2024-05-29 14:23:58,432 [INFO] IPUIPlugin:80 - create IPUIPlugin
2024-05-29 14:23:58,432 [INFO] PluginManager:220 - loadIPPluginJar : add genericplugin
2024-05-29 14:23:58,435 [INFO] IPUIPlugin:80 - create IPUIPlugin
2024-05-29 14:23:58,435 [INFO] PluginManager:220 - loadIPPluginJar : add gfxmmu
2024-05-29 14:23:58,442 [INFO] IPUIPlugin:80 - create IPUIPlugin
2024-05-29 14:23:58,443 [INFO] PluginManager:220 - loadIPPluginJar : add gic
2024-05-29 14:23:58,450 [INFO] IPUIPlugin:80 - create IPUIPlugin
2024-05-29 14:23:58,450 [INFO] PluginManager:220 - loadIPPluginJar : add gpio
2024-05-29 14:23:58,455 [INFO] IPUIPlugin:80 - create IPUIPlugin
2024-05-29 14:23:58,456 [INFO] PluginManager:220 - loadIPPluginJar : add gtzc
2024-05-29 14:23:58,460 [INFO] IPUIPlugin:80 - create IPUIPlugin
2024-05-29 14:23:58,460 [INFO] PluginManager:220 - loadIPPluginJar : add hash
2024-05-29 14:23:58,465 [INFO] IPUIPlugin:80 - create IPUIPlugin
2024-05-29 14:23:58,465 [INFO] PluginManager:220 - loadIPPluginJar : add i2c
2024-05-29 14:23:58,469 [INFO] IPUIPlugin:80 - create IPUIPlugin
2024-05-29 14:23:58,469 [INFO] PluginManager:220 - loadIPPluginJar : add i2s
2024-05-29 14:23:58,473 [INFO] IPUIPlugin:80 - create IPUIPlugin
2024-05-29 14:23:58,473 [INFO] PluginManager:220 - loadIPPluginJar : add i3c
2024-05-29 14:23:58,478 [INFO] IPUIPlugin:80 - create IPUIPlugin
2024-05-29 14:23:58,479 [INFO] PluginManager:220 - loadIPPluginJar : add ipddr
2024-05-29 14:23:58,490 [INFO] IPUIPlugin:80 - create IPUIPlugin
2024-05-29 14:23:58,490 [INFO] PluginManager:220 - loadIPPluginJar : add linkedlist
2024-05-29 14:23:58,494 [INFO] IPUIPlugin:80 - create IPUIPlugin
2024-05-29 14:23:58,495 [INFO] PluginManager:220 - loadIPPluginJar : add lorawan
2024-05-29 14:23:58,498 [INFO] IPUIPlugin:80 - create IPUIPlugin
2024-05-29 14:23:58,498 [INFO] PluginManager:220 - loadIPPluginJar : add ltdc
2024-05-29 14:23:58,506 [INFO] IPUIPlugin:80 - create IPUIPlugin
2024-05-29 14:23:58,508 [INFO] PluginManager:220 - loadIPPluginJar : add mdma
2024-05-29 14:23:58,513 [INFO] IPUIPlugin:80 - create IPUIPlugin
2024-05-29 14:23:58,513 [INFO] PluginManager:220 - loadIPPluginJar : add nvic
2024-05-29 14:23:58,518 [INFO] IPUIPlugin:80 - create IPUIPlugin
2024-05-29 14:23:58,519 [INFO] PluginManager:220 - loadIPPluginJar : add opamp
2024-05-29 14:23:58,523 [INFO] IPUIPlugin:80 - create IPUIPlugin
2024-05-29 14:23:58,523 [INFO] PluginManager:220 - loadIPPluginJar : add openamp
2024-05-29 14:23:58,528 [INFO] IPUIPlugin:80 - create IPUIPlugin
2024-05-29 14:23:58,528 [INFO] PluginManager:220 - loadIPPluginJar : add pdm2pcm
2024-05-29 14:23:58,537 [INFO] IPUIPlugin:80 - create IPUIPlugin
2024-05-29 14:23:58,542 [INFO] PluginManager:220 - loadIPPluginJar : add plateformsettings
2024-05-29 14:23:58,544 [INFO] IPUIPlugin:80 - create IPUIPlugin
2024-05-29 14:23:58,544 [INFO] PluginManager:220 - loadIPPluginJar : add quadspi
2024-05-29 14:23:58,550 [INFO] IPUIPlugin:80 - create IPUIPlugin
2024-05-29 14:23:58,551 [INFO] PluginManager:220 - loadIPPluginJar : add resmgrutility
2024-05-29 14:23:58,554 [INFO] IPUIPlugin:80 - create IPUIPlugin
2024-05-29 14:23:58,554 [INFO] PluginManager:220 - loadIPPluginJar : add sai
2024-05-29 14:23:58,557 [INFO] IPUIPlugin:80 - create IPUIPlugin
2024-05-29 14:23:58,557 [INFO] PluginManager:220 - loadIPPluginJar : add spi
2024-05-29 14:23:58,562 [INFO] IPUIPlugin:80 - create IPUIPlugin
2024-05-29 14:23:58,562 [INFO] PluginManager:220 - loadIPPluginJar : add stm32_wpan
2024-05-29 14:23:58,565 [INFO] IPUIPlugin:80 - create IPUIPlugin
2024-05-29 14:23:58,565 [INFO] PluginManager:220 - loadIPPluginJar : add tim
2024-05-29 14:23:58,569 [INFO] IPUIPlugin:80 - create IPUIPlugin
2024-05-29 14:23:58,569 [INFO] PluginManager:220 - loadIPPluginJar : add touchsensing
2024-05-29 14:23:58,571 [INFO] IPUIPlugin:80 - create IPUIPlugin
2024-05-29 14:23:58,571 [INFO] PluginManager:220 - loadIPPluginJar : add tracer_emb
2024-05-29 14:23:58,573 [INFO] IPUIPlugin:80 - create IPUIPlugin
2024-05-29 14:23:58,573 [INFO] PluginManager:220 - loadIPPluginJar : add ts
2024-05-29 14:23:58,575 [INFO] IPUIPlugin:80 - create IPUIPlugin
2024-05-29 14:23:58,575 [INFO] PluginManager:220 - loadIPPluginJar : add tsc
2024-05-29 14:23:58,577 [INFO] IPUIPlugin:80 - create IPUIPlugin
2024-05-29 14:23:58,577 [INFO] PluginManager:220 - loadIPPluginJar : add ucpd
2024-05-29 14:23:58,580 [INFO] IPUIPlugin:80 - create IPUIPlugin
2024-05-29 14:23:58,580 [INFO] PluginManager:220 - loadIPPluginJar : add usart
2024-05-29 14:23:58,583 [INFO] IPUIPlugin:80 - create IPUIPlugin
2024-05-29 14:23:58,584 [INFO] PluginManager:220 - loadIPPluginJar : add usbx
2024-05-29 14:23:58,714 [INFO] CADModel:165 - CPN selected for project level
2024-05-29 14:23:58,714 [INFO] CADModel:114 - Register for checkConnection events
2024-05-29 14:23:58,714 [FATAL] Updater:308 - Updater called before beeing initialized
2024-05-29 14:23:58,714 [ERROR] CADModel:125 - Updater not yet initialized, retry later 
2024-05-29 14:23:58,835 [INFO] CADModel:165 - CPN selected for project level
2024-05-29 14:23:58,835 [INFO] CADModel:114 - Register for checkConnection events
2024-05-29 14:23:58,835 [FATAL] Updater:308 - Updater called before beeing initialized
2024-05-29 14:23:58,835 [ERROR] CADModel:125 - Updater not yet initialized, retry later 
2024-05-29 14:23:58,839 [FATAL] Updater:308 - Updater called before beeing initialized
2024-05-29 14:23:58,976 [FATAL] Updater:308 - Updater called before beeing initialized
2024-05-29 14:23:58,982 [INFO] DbMcusAds:53 - JSON generation date=Thu May 16 18:22:00 KST 2024 (1715851320852)
2024-05-29 14:23:58,982 [FATAL] Updater:308 - Updater called before beeing initialized
2024-05-29 14:23:59,021 [WARN] DetailPanel:346 - Failed to get advertising image, set to default
2024-05-29 14:23:59,125 [FATAL] Updater:308 - Updater called before beeing initialized
2024-05-29 14:23:59,127 [FATAL] Updater:308 - Updater called before beeing initialized
2024-05-29 14:23:59,127 [FATAL] Updater:308 - Updater called before beeing initialized
2024-05-29 14:23:59,127 [WARN] DetailPanel:346 - Failed to get advertising image, set to default
2024-05-29 14:23:59,128 [FATAL] Updater:308 - Updater called before beeing initialized
2024-05-29 14:23:59,177 [ERROR] Updater:1120 - MainUpdater not yet initialized. External WinMGr cannot be set.
2024-05-29 14:23:59,180 [INFO] Updater:1056 - Updater Version found : 6.9.1
2024-05-29 14:23:59,206 [INFO] ApplicationProperties:184 - Using Application install path: C:\ST\STM32CubeIDE_1.13.0\STM32CubeIDE\plugins\com.st.stm32cube.common.mx_6.9.1.202307191849
2024-05-29 14:23:59,845 [INFO] MainUpdater:2868 - connection check result : 10
2024-05-29 14:23:59,846 [INFO] MainUpdater:285 - Updater Check For Update Now.
2024-05-29 14:23:59,846 [INFO] MicroXplorer:498 - Change Database Version : DB.6.0.91
2024-05-29 14:23:59,851 [INFO] McuFinderGlobals:63 - Set McuFinder mode to 2 (CubeIDE integrated)
2024-05-29 14:23:59,852 [INFO] UserAuth:179 - activating auth plugin
2024-05-29 14:23:59,855 [INFO] UserAuth:393 - Internet connection configuration mode: 1
2024-05-29 14:23:59,883 [INFO] JxBrowserEngine:151 - Initiate JxBrowser Engine with user profile folder
2024-05-29 14:24:00,011 [INFO] CheckServerUpdateThread:120 - End of CheckServer Thread
2024-05-29 14:24:00,935 [INFO] WebApp:157 - Instantiating new browser for Auth
2024-05-29 14:24:01,206 [WARN] PackLoader:240 - Cannot read IP mode file for STMicroelectronics.FP-SNS-MOTENVWB1.1.4.0
2024-05-29 14:24:01,222 [WARN] PackLoader:240 - Cannot read IP mode file for STMicroelectronics.X-CUBE-SMBUS.2.1.0
2024-05-29 14:24:01,236 [WARN] PackLoader:240 - Cannot read IP mode file for STMicroelectronics.X-CUBE-TOUCHGFX.4.23.2
2024-05-29 14:24:01,369 [WARN] PackLoader:240 - Cannot read IP mode file for STMicroelectronics.X-CUBE-AZRTOS-F7.1.1.0
2024-05-29 14:24:01,379 [WARN] PackLoader:240 - Cannot read IP mode file for STMicroelectronics.FP-SNS-MOTENV1.4.3.2
2024-05-29 14:24:01,387 [WARN] PackLoader:240 - Cannot read IP mode file for STMicroelectronics.FP-SNS-FLIGHT1.5.0.1
2024-05-29 14:24:01,397 [WARN] PackLoader:240 - Cannot read IP mode file for STMicroelectronics.X-CUBE-BLE1.6.2.4
2024-05-29 14:24:01,402 [WARN] PackLoader:240 - Cannot read IP mode file for STMicroelectronics.FP-SNS-FLIGHT1.5.0.2
2024-05-29 14:24:01,411 [WARN] PackLoader:240 - Cannot read IP mode file for STMicroelectronics.X-CUBE-DISPLAY.3.0.0
2024-05-29 14:24:01,419 [WARN] PackLoader:240 - Cannot read IP mode file for STMicroelectronics.X-CUBE-BLE1.7.0.0
2024-05-29 14:24:01,427 [WARN] PackLoader:240 - Cannot read IP mode file for emotas.I-CUBE-CANOPEN.1.3.0
2024-05-29 14:24:01,432 [WARN] PackLoader:240 - Cannot read IP mode file for STMicroelectronics.X-CUBE-TOUCHGFX.4.22.0
2024-05-29 14:24:01,436 [WARN] PackLoader:240 - Cannot read IP mode file for STMicroelectronics.X-CUBE-TOUCHGFX.4.22.1
2024-05-29 14:24:01,446 [WARN] PackLoader:240 - Cannot read IP mode file for STMicroelectronics.X-CUBE-BLEMGR.3.1.0
2024-05-29 14:24:01,454 [WARN] PackLoader:240 - Cannot read IP mode file for STMicroelectronics.FP-SNS-SMARTAG2.1.2.0
2024-05-29 14:24:01,464 [INFO] LogOutputStream:77 - [STDOUT_REDIRECT] 1 : Invalid condition id : UX_CORESTACK_Condition cause : null
2024-05-29 14:24:01,465 [INFO] LogOutputStream:77 - [STDOUT_REDIRECT] 1 : Invalid condition id : UX_CORESTACK_Condition cause : null
2024-05-29 14:24:01,466 [INFO] LogOutputStream:77 - [STDOUT_REDIRECT] 1 : Invalid condition id : UX_CORESTACK_Condition cause : null
2024-05-29 14:24:01,467 [INFO] LogOutputStream:77 - [STDOUT_REDIRECT] 1 : Invalid condition id : UX_CORESTACK_Condition cause : null
2024-05-29 14:24:01,468 [INFO] LogOutputStream:77 - [STDOUT_REDIRECT] 1 : Invalid condition id : UX_CORESTACK_Condition cause : null
2024-05-29 14:24:01,472 [WARN] PackLoader:240 - Cannot read IP mode file for STMicroelectronics.X-CUBE-AZRTOS-WL.2.0.0
2024-05-29 14:24:01,478 [WARN] PackLoader:240 - Cannot read IP mode file for STMicroelectronics.FP-SNS-MOTENV1.5.0.0
2024-05-29 14:24:01,489 [WARN] PackLoader:240 - Cannot read IP mode file for WES.I-CUBE-Cesium.1.3.0
2024-05-29 14:24:01,496 [WARN] PackLoader:240 - Cannot read IP mode file for STMicroelectronics.X-CUBE-BLE2.3.3.0
2024-05-29 14:24:01,503 [WARN] PackLoader:240 - Cannot read IP mode file for STMicroelectronics.X-CUBE-TCPP.4.1.0
2024-05-29 14:24:01,511 [WARN] PackLoader:240 - Cannot read IP mode file for STMicroelectronics.X-CUBE-ALGOBUILD.1.3.0
2024-05-29 14:24:01,527 [WARN] PackLoader:240 - Cannot read IP mode file for STMicroelectronics.X-CUBE-AZRTOS-G0.1.1.0
2024-05-29 14:24:01,537 [WARN] PackLoader:240 - Cannot read IP mode file for STMicroelectronics.X-CUBE-SAFEA1.1.2.2
2024-05-29 14:24:01,545 [WARN] PackLoader:240 - Cannot read IP mode file for STMicroelectronics.X-CUBE-NFC4.3.0.0
2024-05-29 14:24:01,559 [WARN] PackLoader:240 - Cannot read IP mode file for STMicroelectronics.X-CUBE-BLEMGR.3.0.0
2024-05-29 14:24:01,569 [WARN] PackLoader:240 - Cannot read IP mode file for wolfSSL.I-CUBE-wolfSSL.5.7.0
2024-05-29 14:24:01,574 [WARN] PackLoader:240 - Cannot read IP mode file for STMicroelectronics.FP-ATR-SIGFOX1.3.2.0
2024-05-29 14:24:01,581 [WARN] PackLoader:240 - Cannot read IP mode file for STMicroelectronics.X-CUBE-EEPRMA1.5.1.0
2024-05-29 14:24:01,590 [WARN] PackLoader:240 - Cannot read IP mode file for ITTIA_DB.I-CUBE-ITTIADB.8.9.0
2024-05-29 14:24:01,627 [WARN] PackLoader:240 - Cannot read IP mode file for SEGGER.I-CUBE-embOS.1.3.1
2024-05-29 14:24:01,697 [WARN] PackLoader:240 - Cannot read IP mode file for STMicroelectronics.X-CUBE-ALGOBUILD.1.4.0
2024-05-29 14:24:01,710 [WARN] PackLoader:240 - Cannot read IP mode file for STMicroelectronics.X-CUBE-GNSS1.6.0.0
2024-05-29 14:24:01,732 [WARN] PackLoader:240 - Cannot read IP mode file for STMicroelectronics.X-CUBE-AZRTOS-F4.1.1.0
2024-05-29 14:24:01,739 [WARN] PackLoader:240 - Cannot read IP mode file for wolfSSL.I-CUBE-wolfSSL.5.6.3
2024-05-29 14:24:01,748 [WARN] PackLoader:240 - Cannot read IP mode file for STMicroelectronics.X-CUBE-FREERTOS.1.2.0
2024-05-29 14:24:01,762 [WARN] PackLoader:240 - Cannot read IP mode file for STMicroelectronics.X-CUBE-AZRTOS-L5.2.0.0
2024-05-29 14:24:01,802 [WARN] PackLoader:240 - Cannot read IP mode file for STMicroelectronics.X-CUBE-MEMS1.9.6.0
2024-05-29 14:24:01,929 [WARN] PackLoader:240 - Cannot read IP mode file for STMicroelectronics.X-CUBE-EEPRMA1.4.2.0
2024-05-29 14:24:01,936 [WARN] PackLoader:240 - Cannot read IP mode file for STMicroelectronics.X-CUBE-NFC6.3.1.0
2024-05-29 14:24:01,943 [WARN] PackLoader:240 - Cannot read IP mode file for ITTIA_DB.I-CUBE-ITTIADB.8.8.0
2024-05-29 14:24:01,952 [WARN] PackLoader:240 - Cannot read IP mode file for STMicroelectronics.X-CUBE-BLEMGR.2.0.0
2024-05-29 14:24:01,959 [WARN] PackLoader:240 - Cannot read IP mode file for STMicroelectronics.X-CUBE-AI.9.0.0
2024-05-29 14:24:01,981 [WARN] ConditionMgr:438 - getConditionDescription Invalid condition id : UX DEVICE CLASS RTOS Condition cause : null
2024-05-29 14:24:01,981 [WARN] ConditionMgr:438 - getConditionDescription Invalid condition id : UX DEVICE CLASS RTOS Condition cause : null
2024-05-29 14:24:01,989 [WARN] PackLoader:240 - Cannot read IP mode file for STMicroelectronics.X-CUBE-AZRTOS-H7.3.1.0
2024-05-29 14:24:01,990 [WARN] ConditionMgr:1039 - genDependencies : Invalid condition id : UX DEVICE CLASS RTOS Condition cause : null
2024-05-29 14:24:01,990 [WARN] ConditionMgr:1039 - genDependencies : Invalid condition id : UX DEVICE CLASS RTOS Condition cause : null
2024-05-29 14:24:01,991 [WARN] ConditionMgr:1039 - genDependencies : Invalid condition id : UX DEVICE CLASS RTOS Condition cause : null
2024-05-29 14:24:01,991 [WARN] ConditionMgr:1039 - genDependencies : Invalid condition id : UX DEVICE CLASS RTOS Condition cause : null
2024-05-29 14:24:01,991 [WARN] ConditionMgr:1039 - genDependencies : Invalid condition id : UX DEVICE CLASS RTOS Condition cause : null
2024-05-29 14:24:02,000 [WARN] PackLoader:240 - Cannot read IP mode file for STMicroelectronics.X-CUBE-NFC7.1.0.1
2024-05-29 14:24:02,008 [WARN] PackLoader:240 - Cannot read IP mode file for STMicroelectronics.X-CUBE-NFC6.3.0.0
2024-05-29 14:24:02,016 [WARN] PackLoader:240 - Cannot read IP mode file for STMicroelectronics.X-CUBE-EEPRMA1.4.1.0
2024-05-29 14:24:02,020 [WARN] PackLoader:240 - Cannot read IP mode file for STMicroelectronics.X-CUBE-AI.8.1.0
2024-05-29 14:24:02,023 [INFO] WebApp:753 - Register for checkConnection events
2024-05-29 14:24:02,023 [INFO] WebApp:390 - Apply proxy settings
2024-05-29 14:24:02,023 [INFO] WebApp:475 - Chromium requires no authentication
2024-05-29 14:24:02,036 [INFO] WebApp:418 - Direct internet connection detected
2024-05-29 14:24:02,039 [WARN] ConditionMgr:438 - getConditionDescription Invalid condition id : LAN8742 Phy interface Condition cause : null
2024-05-29 14:24:02,040 [WARN] PackLoader:240 - Cannot read IP mode file for STMicroelectronics.X-CUBE-AZRTOS-L4.2.0.0
2024-05-29 14:24:02,042 [WARN] ConditionMgr:1039 - genDependencies : Invalid condition id : LAN8742 Phy interface Condition cause : null
2024-05-29 14:24:02,042 [WARN] ConditionMgr:1039 - genDependencies : Invalid condition id : LAN8742 Phy interface Condition cause : null
2024-05-29 14:24:02,043 [WARN] ConditionMgr:1039 - genDependencies : Invalid condition id : LAN8742 Phy interface Condition cause : null
2024-05-29 14:24:02,054 [WARN] PackLoader:240 - Cannot read IP mode file for STMicroelectronics.X-CUBE-SFXS2LP1.4.0.0
2024-05-29 14:24:02,060 [WARN] PackLoader:240 - Cannot read IP mode file for STMicroelectronics.X-CUBE-ISPU.1.1.0
2024-05-29 14:24:02,073 [WARN] ConditionMgr:438 - getConditionDescription Invalid condition id : UX DEVICE CLASS RTOS Condition cause : null
2024-05-29 14:24:02,074 [WARN] ConditionMgr:438 - getConditionDescription Invalid condition id : UX DEVICE CLASS RTOS Condition cause : null
2024-05-29 14:24:02,077 [WARN] PackLoader:240 - Cannot read IP mode file for STMicroelectronics.X-CUBE-AZRTOS-WB.2.0.0
2024-05-29 14:24:02,077 [WARN] ConditionMgr:1039 - genDependencies : Invalid condition id : UX DEVICE CLASS RTOS Condition cause : null
2024-05-29 14:24:02,077 [WARN] ConditionMgr:1039 - genDependencies : Invalid condition id : UX DEVICE CLASS RTOS Condition cause : null
2024-05-29 14:24:02,078 [WARN] ConditionMgr:1039 - genDependencies : Invalid condition id : UX DEVICE CLASS RTOS Condition cause : null
2024-05-29 14:24:02,078 [WARN] ConditionMgr:1039 - genDependencies : Invalid condition id : UX DEVICE CLASS RTOS Condition cause : null
2024-05-29 14:24:02,078 [WARN] ConditionMgr:1039 - genDependencies : Invalid condition id : UX DEVICE CLASS RTOS Condition cause : null
2024-05-29 14:24:02,085 [WARN] PackLoader:240 - Cannot read IP mode file for STMicroelectronics.X-CUBE-FREERTOS.1.0.1
2024-05-29 14:24:02,100 [WARN] PackLoader:240 - Cannot read IP mode file for STMicroelectronics.X-CUBE-AZRTOS-L5.1.1.0
2024-05-29 14:24:02,107 [WARN] PackLoader:240 - Cannot read IP mode file for STMicroelectronics.X-CUBE-AI.8.0.1
2024-05-29 14:24:02,118 [WARN] PackLoader:240 - Cannot read IP mode file for STMicroelectronics.X-CUBE-SUBG2.5.0.0
2024-05-29 14:24:02,128 [WARN] PackLoader:240 - Cannot read IP mode file for Cesanta.I-CUBE-Mongoose.7.13.0
2024-05-29 14:24:02,139 [WARN] PackLoader:240 - Cannot read IP mode file for STMicroelectronics.X-CUBE-TOF1.3.3.1
2024-05-29 14:24:02,160 [WARN] PackLoader:240 - Cannot read IP mode file for STMicroelectronics.X-CUBE-AZRTOS-G4.2.0.0
2024-05-29 14:24:02,174 [WARN] PackLoader:240 - Cannot read IP mode file for Infineon.AIROC-Wi-Fi-Bluetooth-STM32.1.5.1
2024-05-29 14:24:02,181 [WARN] PackLoader:240 - Cannot read IP mode file for STMicroelectronics.X-CUBE-ISPU.2.0.0
2024-05-29 14:24:02,187 [WARN] PackLoader:240 - Cannot read IP mode file for STMicroelectronics.X-CUBE-ALS.1.0.2
2024-05-29 14:24:02,226 [WARN] PackLoader:240 - Cannot read IP mode file for STMicroelectronics.X-CUBE-MEMS1.10.0.0
2024-05-29 14:24:02,379 [WARN] PackLoader:240 - Cannot read IP mode file for STMicroelectronics.X-CUBE-FREERTOS.1.1.0
2024-05-29 14:24:02,401 [WARN] PackLoader:240 - Cannot read IP mode file for portGmbH.I-Cube-SoM-uGOAL.1.1.0
2024-05-29 14:24:02,406 [WARN] PackLoader:240 - Cannot read IP mode file for STMicroelectronics.X-CUBE-ALS.1.0.1
2024-05-29 14:24:02,418 [WARN] PackLoader:240 - Cannot read IP mode file for STMicroelectronics.X-CUBE-AZRTOS-WB.1.1.0
2024-05-29 14:24:02,425 [INFO] WebApp:188 - Starting web application
2024-05-29 14:24:02,426 [INFO] WebApp:520 - Web application path used C:\ST\STM32CubeIDE_1.13.0\STM32CubeIDE\plugins\com.st.stm32cube.common.mx_6.9.1.202307191849\db\plugins\mcufinder\reactClient1\index.html
2024-05-29 14:24:02,435 [WARN] PackLoader:240 - Cannot read IP mode file for STMicroelectronics.X-CUBE-AZRTOS-H7RS.1.0.0
2024-05-29 14:24:02,442 [WARN] PackLoader:240 - Cannot read IP mode file for STMicroelectronics.FP-ATR-ASTRA1.2.0.0
2024-05-29 14:24:02,455 [WARN] PackLoader:240 - Cannot read IP mode file for STMicroelectronics.X-CUBE-TOF1.3.4.1
2024-05-29 14:24:02,491 [WARN] PackLoader:240 - Cannot read IP mode file for STMicroelectronics.X-CUBE-AZRTOS-H7.3.2.0
2024-05-29 14:24:02,505 [WARN] PackLoader:240 - Cannot read IP mode file for Infineon.AIROC-Wi-Fi-Bluetooth-STM32.1.6.0
2024-05-29 14:24:02,509 [INFO] ThirdParty:978 - Integrity check success = true
2024-05-29 14:24:02,510 [INFO] IntegrityCheckThread:100 - exiting critical section [integrity check]
2024-05-29 14:24:02,510 [INFO] IntegrityCheckThread:103 - End integrity checks thread
2024-05-29 14:24:23,335 [ERROR] LogOutputStream:75 - [STDERR_REDIRECT] SLF4J: Failed to load class "org.slf4j.impl.StaticLoggerBinder".
2024-05-29 14:24:23,336 [ERROR] LogOutputStream:75 - [STDERR_REDIRECT] SLF4J: Defaulting to no-operation (NOP) logger implementation
2024-05-29 14:24:23,338 [ERROR] LogOutputStream:75 - [STDERR_REDIRECT] SLF4J: See http://www.slf4j.org/codes.html#StaticLoggerBinder for further details.
2024-05-29 14:25:53,746 [ERROR] LogOutputStream:75 - [STDERR_REDIRECT] 
